0 info it worked if it ends with ok
1 verbose cli [ 'node', '/usr/local/bin/npm', 'run', 'demo' ]
2 info using npm@3.8.3
3 info using node@v0.12.7
4 verbose run-script [ 'predemo', 'demo', 'postdemo' ]
5 info lifecycle ndeploy-bash@0.1.0~predemo: ndeploy-bash@0.1.0
6 silly lifecycle ndeploy-bash@0.1.0~predemo: no script for predemo, continuing
7 info lifecycle ndeploy-bash@0.1.0~demo: ndeploy-bash@0.1.0
8 verbose lifecycle ndeploy-bash@0.1.0~demo: unsafe-perm in lifecycle true
9 verbose lifecycle ndeploy-bash@0.1.0~demo: PATH: /usr/local/lib/node_modules/npm/bin/node-gyp-bin:/home/evans/ndeploy-bash/node_modules/.bin:/usr/local/bin:/usr/local/sbin:/usr/local/bin:/usr/sbin:/usr/bin:/sbin:/bin:/usr/games:/usr/local/games:/usr/local/go/bin:/usr/local/bin
10 verbose lifecycle ndeploy-bash@0.1.0~demo: CWD: /home/evans/ndeploy-bash
11 silly lifecycle ndeploy-bash@0.1.0~demo: Args: [ '-c', 'scripts/' ]
12 silly lifecycle ndeploy-bash@0.1.0~demo: Returned: code: 126  signal: null
13 info lifecycle ndeploy-bash@0.1.0~demo: Failed to exec demo script
14 verbose stack Error: ndeploy-bash@0.1.0 demo: `scripts/`
14 verbose stack Exit status 126
14 verbose stack     at EventEmitter.<anonymous> (/usr/local/lib/node_modules/npm/lib/utils/lifecycle.js:239:16)
14 verbose stack     at EventEmitter.emit (events.js:110:17)
14 verbose stack     at ChildProcess.<anonymous> (/usr/local/lib/node_modules/npm/lib/utils/spawn.js:24:14)
14 verbose stack     at ChildProcess.emit (events.js:110:17)
14 verbose stack     at maybeClose (child_process.js:1015:16)
14 verbose stack     at Process.ChildProcess._handle.onexit (child_process.js:1087:5)
15 verbose pkgid ndeploy-bash@0.1.0
16 verbose cwd /home/evans/ndeploy-bash
17 error Linux 3.19.0-51-generic
18 error argv "node" "/usr/local/bin/npm" "run" "demo"
19 error node v0.12.7
20 error npm  v3.8.3
21 error code ELIFECYCLE
22 error ndeploy-bash@0.1.0 demo: `scripts/`
22 error Exit status 126
23 error Failed at the ndeploy-bash@0.1.0 demo script 'scripts/'.
23 error Make sure you have the latest version of node.js and npm installed.
23 error If you do, this is most likely a problem with the ndeploy-bash package,
23 error not with npm itself.
23 error Tell the author that this fails on your system:
23 error     scripts/
23 error You can get information on how to open an issue for this project with:
23 error     npm bugs ndeploy-bash
23 error Or if that isn't available, you can get their info via:
23 error     npm owner ls ndeploy-bash
23 error There is likely additional logging output above.
24 verbose exit [ 1, true ]
